[debug] [2024-05-10T11:26:16.440Z] ----------------------------------------------------------------------
[debug] [2024-05-10T11:26:16.445Z] Command:       C:\Program Files\nodejs\node.exe C:\Users\dell\AppData\Roaming\npm\node_modules\firebase-tools\lib\bin\firebase.js init
[debug] [2024-05-10T11:26:16.446Z] CLI Version:   13.8.2
[debug] [2024-05-10T11:26:16.446Z] Platform:      win32
[debug] [2024-05-10T11:26:16.447Z] Node Version:  v20.12.2
[debug] [2024-05-10T11:26:16.447Z] Time:          Fri May 10 2024 04:26:16 GMT-0700 (Pacific Daylight Time)
[debug] [2024-05-10T11:26:16.447Z] ----------------------------------------------------------------------
[debug] 
[debug] [2024-05-10T11:26:16.460Z] > command requires scopes: ["email","openid","https://www.googleapis.com/auth/cloudplatformprojects.readonly","https://www.googleapis.com/auth/firebase","https://www.googleapis.com/auth/cloud-platform"]
[debug] [2024-05-10T11:26:16.461Z] > authorizing via signed-in user (yousafva9@gmail.com)
[info] 
     ######## #### ########  ######## ########     ###     ######  ########
     ##        ##  ##     ## ##       ##     ##  ##   ##  ##       ##
     ######    ##  ########  ######   ########  #########  ######  ######
     ##        ##  ##    ##  ##       ##     ## ##     ##       ## ##
     ##       #### ##     ## ######## ########  ##     ##  ######  ########

You're about to initialize a Firebase project in this directory:

  C:\Users\dell\Desktop\Assignment1\firstassignment

[info] 
=== Project Setup
[info] 
[info] First, let's associate this project directory with a Firebase project.
[info] You can create multiple project aliases by running firebase use --add, 
[info] but for now we'll just set up a default project.
[info] 
[info] i  If you want to create a project in a Google Cloud organization or folder, please use "firebase projects:create" instead, and return to this command when you've created the project. 
